<?xml version="1.0" encoding="UTF-8"?>
<robot generator="Robot 6.0.2 (Python 3.11.2 on win32)" generated="20230623 17:04:03.640" rpa="false" schemaversion="3">
<suite id="s1" name="Test3" source="D:\testtt\test3.robot">
<test id="s1-t1" name="Test Login with OTP" line="38">
<kw name="Open browser responsive">
<kw name="Open Browser" library="SeleniumLibrary">
<arg>https://biznext-channel.dev.krungthai.com:10443/#/invoices</arg>
<arg>browser=gc</arg>
<doc>Opens a new browser instance to the optional ``url``.</doc>
<msg timestamp="20230623 17:04:03.889" level="INFO">Opening browser 'gc' to base url 'https://biznext-channel.dev.krungthai.com:10443/#/invoices'.</msg>
<status status="PASS" starttime="20230623 17:04:03.889" endtime="20230623 17:04:08.288"/>
</kw>
<status status="PASS" starttime="20230623 17:04:03.888" endtime="20230623 17:04:08.288"/>
</kw>
<kw name="Sleep" library="BuiltIn">
<arg>7s</arg>
<doc>Pauses the test executed for the given time.</doc>
<msg timestamp="20230623 17:04:15.289" level="INFO">Slept 7 seconds</msg>
<status status="PASS" starttime="20230623 17:04:08.288" endtime="20230623 17:04:15.289"/>
</kw>
<kw name="Maximize Browser Window" library="SeleniumLibrary">
<doc>Maximizes current browser window.</doc>
<status status="PASS" starttime="20230623 17:04:15.289" endtime="20230623 17:04:15.413"/>
</kw>
<kw name="Login portal">
<arg>${CompanyID}</arg>
<arg>${User}</arg>
<arg>${Pass}</arg>
<kw name="Click Element" library="SeleniumLibrary">
<arg>//*[@class="ktb-button-label"]</arg>
<doc>Click the element identified by ``locator``.</doc>
<msg timestamp="20230623 17:04:15.415" level="INFO">Clicking element '//*[@class="ktb-button-label"]'.</msg>
<status status="PASS" starttime="20230623 17:04:15.414" endtime="20230623 17:04:15.515"/>
</kw>
<kw name="Input Text" library="SeleniumLibrary">
<arg>//input[@formcontrolname='companyId']</arg>
<arg>${CompanyID}</arg>
<doc>Types the given ``text`` into the text field identified by ``locator``.</doc>
<msg timestamp="20230623 17:04:15.515" level="INFO">Typing text 'ECLBA00042' into text field '//input[@formcontrolname='companyId']'.</msg>
<status status="PASS" starttime="20230623 17:04:15.515" endtime="20230623 17:04:15.771"/>
</kw>
<kw name="Input Text" library="SeleniumLibrary">
<arg>//input[@formcontrolname="userId"]</arg>
<arg>${User}</arg>
<doc>Types the given ``text`` into the text field identified by ``locator``.</doc>
<msg timestamp="20230623 17:04:15.773" level="INFO">Typing text 'superpao01' into text field '//input[@formcontrolname="userId"]'.</msg>
<status status="PASS" starttime="20230623 17:04:15.772" endtime="20230623 17:04:15.924"/>
</kw>
<kw name="Input Password" library="SeleniumLibrary">
<arg>//input[@formcontrolname="password"]</arg>
<arg>${Pass}</arg>
<doc>Types the given password into the text field identified by ``locator``.</doc>
<msg timestamp="20230623 17:04:15.925" level="INFO">Typing password into text field '//input[@formcontrolname="password"]'.</msg>
<msg timestamp="20230623 17:04:15.959" level="INFO">Temporally setting log level to: NONE</msg>
<msg timestamp="20230623 17:04:16.035" level="INFO">Log level changed from NONE to INFO.</msg>
<status status="PASS" starttime="20230623 17:04:15.925" endtime="20230623 17:04:16.036"/>
</kw>
<kw name="Click Element" library="SeleniumLibrary">
<arg>//*[@class="ktb-button-label"]</arg>
<doc>Click the element identified by ``locator``.</doc>
<msg timestamp="20230623 17:04:16.037" level="INFO">Clicking element '//*[@class="ktb-button-label"]'.</msg>
<status status="PASS" starttime="20230623 17:04:16.037" endtime="20230623 17:04:16.111"/>
</kw>
<status status="PASS" starttime="20230623 17:04:15.414" endtime="20230623 17:04:16.111"/>
</kw>
<kw name="Sleep" library="BuiltIn">
<arg>2s</arg>
<doc>Pauses the test executed for the given time.</doc>
<msg timestamp="20230623 17:04:18.112" level="INFO">Slept 2 seconds</msg>
<status status="PASS" starttime="20230623 17:04:16.112" endtime="20230623 17:04:18.112"/>
</kw>
<kw name="otp input">
<kw name="Fetch Otp" library="Otp">
<var>${OTP}</var>
<arg>${host}</arg>
<arg>${username}</arg>
<arg>${password}</arg>
<arg>${folder}</arg>
<arg>${subject}</arg>
<msg timestamp="20230623 17:04:30.521" level="INFO">${OTP} = 593440</msg>
<status status="PASS" starttime="20230623 17:04:18.112" endtime="20230623 17:04:30.521"/>
</kw>
<kw name="Input Password" library="SeleniumLibrary">
<arg>(//*[@name="otp"])[1]</arg>
<arg>${otp}</arg>
<doc>Types the given password into the text field identified by ``locator``.</doc>
<msg timestamp="20230623 17:04:30.521" level="INFO">Typing password into text field '(//*[@name="otp"])[1]'.</msg>
<msg timestamp="20230623 17:04:30.547" level="INFO">Temporally setting log level to: NONE</msg>
<msg timestamp="20230623 17:04:30.573" level="INFO">Log level changed from NONE to INFO.</msg>
<status status="PASS" starttime="20230623 17:04:30.521" endtime="20230623 17:04:30.573"/>
</kw>
<kw name="Click Element" library="SeleniumLibrary">
<arg>//*[@class="button-pre-login mb-16px ktb-button ktb-button--primary"]</arg>
<doc>Click the element identified by ``locator``.</doc>
<msg timestamp="20230623 17:04:30.574" level="INFO">Clicking element '//*[@class="button-pre-login mb-16px ktb-button ktb-button--primary"]'.</msg>
<status status="PASS" starttime="20230623 17:04:30.573" endtime="20230623 17:04:30.618"/>
</kw>
<status status="PASS" starttime="20230623 17:04:18.112" endtime="20230623 17:04:30.618"/>
</kw>
<status status="PASS" starttime="20230623 17:04:03.888" endtime="20230623 17:04:30.619"/>
</test>
<status status="PASS" starttime="20230623 17:04:03.641" endtime="20230623 17:04:30.620"/>
</suite>
<statistics>
<total>
<stat pass="1" fail="0" skip="0">All Tests</stat>
</total>
<tag>
</tag>
<suite>
<stat pass="1" fail="0" skip="0" id="s1" name="Test3">Test3</stat>
</suite>
</statistics>
<errors>
</errors>
</robot>
