<?xml version="1.0" encoding="UTF-8"?>
<robot generator="Robot 6.0.2 (Python 3.11.2 on win32)" generated="20230619 23:09:51.185" rpa="false" schemaversion="3">
<suite id="s1" name="4.Test wait" source="D:\Example Automate\2.Run Keyword If\4.Test wait\4.Test wait.robot">
<test id="s1-t1" name="open web portol" line="6">
<kw name="Open admin portal" library="3.keyword">
<kw name="Open Browser" library="SeleniumLibrary">
<arg>browser=gc</arg>
<doc>Opens a new browser instance to the optional ``url``.</doc>
<msg timestamp="20230619 23:09:51.424" level="INFO">Opening browser 'gc' to base url 'None'.</msg>
<status status="PASS" starttime="20230619 23:09:51.423" endtime="20230619 23:09:52.539"/>
</kw>
<kw name="Go To" library="SeleniumLibrary">
<arg>https://www.saucedemo.com/</arg>
<doc>Navigates the current browser window to the provided ``url``.</doc>
<msg timestamp="20230619 23:09:52.539" level="INFO">Opening url 'https://www.saucedemo.com/'</msg>
<status status="PASS" starttime="20230619 23:09:52.539" endtime="20230619 23:09:53.011"/>
</kw>
<status status="PASS" starttime="20230619 23:09:51.423" endtime="20230619 23:09:53.011"/>
</kw>
<kw name="Maximize Browser Window" library="SeleniumLibrary">
<doc>Maximizes current browser window.</doc>
<status status="PASS" starttime="20230619 23:09:53.012" endtime="20230619 23:09:53.137"/>
</kw>
<status status="PASS" starttime="20230619 23:09:51.423" endtime="20230619 23:09:53.138"/>
</test>
<test id="s1-t2" name="login test" line="10">
<kw name="Evaluate" library="BuiltIn">
<var>${condition}</var>
<arg>'${username}' == 'fdglk;jdfhgj'</arg>
<doc>Evaluates the given expression in Python and returns the result.</doc>
<msg timestamp="20230619 23:09:53.140" level="INFO">${condition} = False</msg>
<status status="PASS" starttime="20230619 23:09:53.140" endtime="20230619 23:09:53.140"/>
</kw>
<kw name="Run Keyword If" library="BuiltIn">
<arg>${condition}</arg>
<arg>Input login 1</arg>
<arg>ELSE</arg>
<arg>run keywords</arg>
<arg>Input login 2</arg>
<doc>Runs the given keyword with the given arguments, if ``condition`` is true.</doc>
<kw name="Run Keywords" library="BuiltIn">
<arg>Input login 2</arg>
<doc>Executes all the given keywords in a sequence.</doc>
<kw name="Input login 2" library="3.keyword">
<kw name="Input Text" library="SeleniumLibrary">
<arg>${Screen login}[username]</arg>
<arg>performance_glitch_user</arg>
<doc>Types the given ``text`` into the text field identified by ``locator``.</doc>
<msg timestamp="20230619 23:09:53.142" level="INFO">Typing text 'performance_glitch_user' into text field 'xpath=//*[@id="user-name"]'.</msg>
<status status="PASS" starttime="20230619 23:09:53.141" endtime="20230619 23:09:53.298"/>
</kw>
<kw name="Press Keys" library="SeleniumLibrary">
<arg>${Screen login}[password]</arg>
<arg>${Password}</arg>
<arg>ENTER</arg>
<doc>Simulates the user pressing key(s) to an element or on the active browser.</doc>
<msg timestamp="20230619 23:09:53.298" level="INFO">Sending key(s) ('secret_sauce', 'ENTER') to xpath=//*[@id="password"] element.</msg>
<msg timestamp="20230619 23:09:53.583" level="INFO">Sending keys secret_sauce</msg>
<msg timestamp="20230619 23:09:53.642" level="INFO">Pressing special key ENTER to element.</msg>
<msg timestamp="20230619 23:09:53.642" level="INFO">Releasing special key ENTER.</msg>
<status status="PASS" starttime="20230619 23:09:53.298" endtime="20230619 23:09:58.693"/>
</kw>
<status status="PASS" starttime="20230619 23:09:53.141" endtime="20230619 23:09:58.694"/>
</kw>
<status status="PASS" starttime="20230619 23:09:53.141" endtime="20230619 23:09:58.694"/>
</kw>
<status status="PASS" starttime="20230619 23:09:53.141" endtime="20230619 23:09:58.694"/>
</kw>
<kw name="Close Browser" library="SeleniumLibrary">
<doc>Closes the current browser.</doc>
<status status="PASS" starttime="20230619 23:09:58.694" endtime="20230619 23:10:00.860"/>
</kw>
<status status="PASS" starttime="20230619 23:09:53.139" endtime="20230619 23:10:00.862"/>
</test>
<status status="PASS" starttime="20230619 23:09:51.186" endtime="20230619 23:10:00.864"/>
</suite>
<statistics>
<total>
<stat pass="2" fail="0" skip="0">All Tests</stat>
</total>
<tag>
</tag>
<suite>
<stat pass="2" fail="0" skip="0" id="s1" name="4.Test wait">4.Test wait</stat>
</suite>
</statistics>
<errors>
</errors>
</robot>
