<?xml version="1.0" encoding="UTF-8"?>
<robot generator="Robot 6.0.2 (Python 3.11.2 on win32)" generated="20230703 11:07:07.186" rpa="false" schemaversion="3">
<suite id="s1" name="Get" source="D:\Example Automate\0.Robot api test\GET\get.robot">
<test id="s1-t1" name="Check GET method" line="11">
<kw name="Create Session" library="RequestsLibrary">
<arg>api</arg>
<arg>${HOST}</arg>
<arg>headers=${HEADER}</arg>
<doc>Create Session: create a HTTP session to a server</doc>
<msg timestamp="20230703 11:07:07.305" level="INFO">Creating Session using : alias=api, url=http://localhost:3000, headers={'Content-Type': 'application/json'},                     cookies={}, auth=None, timeout=None, proxies=None, verify=False,                     debug=0 </msg>
<status status="PASS" starttime="20230703 11:07:07.304" endtime="20230703 11:07:07.305"/>
</kw>
<kw name="GET On Session" library="RequestsLibrary">
<var>${response}</var>
<arg>api</arg>
<arg>/products/64a1641f18c458b49d821238</arg>
<doc>Sends a GET request on a previously created HTTP Session.</doc>
<msg timestamp="20230703 11:07:07.353" level="INFO">GET Request : url=http://localhost:3000/products/64a1641f18c458b49d821238 
 path_url=/products/64a1641f18c458b49d821238 
 headers={'User-Agent': 'python-requests/2.31.0', 'Accept-Encoding': 'gzip, deflate', 'Accept': '*/*', 'Connection': 'keep-alive', 'Content-Type': 'application/json'} 
 body=None 
 </msg>
<msg timestamp="20230703 11:07:07.353" level="INFO">GET Response : url=http://localhost:3000/products/64a1641f18c458b49d821238 
 status=200, reason=OK 
 headers={'X-Powered-By': 'Express', 'Content-Type': 'application/json; charset=utf-8', 'Content-Length': '156', 'ETag': 'W/"9c-6nNNE2PMoeUmxgvj/EDy7JSEz90"', 'Date': 'Mon, 03 Jul 2023 04:07:07 GMT', 'Connection': 'keep-alive', 'Keep-Alive': 'timeout=5'} 
 body={"_id":"64a1641f18c458b49d821238","prod_name":"OPPO ","pord_desc":"The best iphone OPPO ","prod_price":8000,"updated_at":"2023-07-02T11:48:47.536Z","__v":0} 
 </msg>
<msg timestamp="20230703 11:07:07.353" level="INFO">${response} = &lt;Response [200]&gt;</msg>
<status status="PASS" starttime="20230703 11:07:07.305" endtime="20230703 11:07:07.353"/>
</kw>
<kw name="Should Be Equal As Strings" library="BuiltIn">
<arg>${response.status_code}</arg>
<arg>200</arg>
<doc>Fails if objects are unequal after converting them to strings.</doc>
<msg timestamp="20230703 11:07:07.354" level="INFO">Argument types are:
&lt;class 'int'&gt;
&lt;class 'str'&gt;</msg>
<status status="PASS" starttime="20230703 11:07:07.353" endtime="20230703 11:07:07.354"/>
</kw>
<status status="PASS" starttime="20230703 11:07:07.304" endtime="20230703 11:07:07.354"/>
</test>
<status status="PASS" starttime="20230703 11:07:07.187" endtime="20230703 11:07:07.356"/>
</suite>
<statistics>
<total>
<stat pass="1" fail="0" skip="0">All Tests</stat>
</total>
<tag>
</tag>
<suite>
<stat pass="1" fail="0" skip="0" id="s1" name="Get">Get</stat>
</suite>
</statistics>
<errors>
</errors>
</robot>
