<?xml version="1.0" encoding="UTF-8"?>
<robot generator="Robot 6.0.2 (Python 3.11.2 on win32)" generated="20230617 20:45:58.556" rpa="false" schemaversion="3">
<suite id="s1" name="4.Test wait" source="D:\Example Automate\1.run keyword if\4.Test wait\4.Test wait.robot">
<test id="s1-t1" name="open web portol" line="6">
<kw name="Open admin portal" library="3.keyword">
<kw name="Open Browser" library="SeleniumLibrary">
<arg>browser=gc</arg>
<doc>Opens a new browser instance to the optional ``url``.</doc>
<msg timestamp="20230617 20:45:58.755" level="INFO">Opening browser 'gc' to base url 'None'.</msg>
<status status="PASS" starttime="20230617 20:45:58.755" endtime="20230617 20:45:59.895"/>
</kw>
<kw name="Go To" library="SeleniumLibrary">
<arg>https://www.saucedemo.com/</arg>
<doc>Navigates the current browser window to the provided ``url``.</doc>
<msg timestamp="20230617 20:45:59.895" level="INFO">Opening url 'https://www.saucedemo.com/'</msg>
<status status="PASS" starttime="20230617 20:45:59.895" endtime="20230617 20:46:00.241"/>
</kw>
<status status="PASS" starttime="20230617 20:45:58.754" endtime="20230617 20:46:00.241"/>
</kw>
<kw name="Maximize Browser Window" library="SeleniumLibrary">
<doc>Maximizes current browser window.</doc>
<status status="PASS" starttime="20230617 20:46:00.241" endtime="20230617 20:46:00.355"/>
</kw>
<kw name="Test login fail" library="3.keyword">
<kw name="Login" library="3.keyword">
<arg>${Invalid_username}</arg>
<arg>${Invalid_password}</arg>
<kw name="Input Text" library="SeleniumLibrary">
<arg>id=user-name</arg>
<arg>${username}</arg>
<doc>Types the given ``text`` into the text field identified by ``locator``.</doc>
<msg timestamp="20230617 20:46:00.356" level="INFO">Typing text 'dgkfjhklgfhjklfg' into text field 'id=user-name'.</msg>
<status status="PASS" starttime="20230617 20:46:00.355" endtime="20230617 20:46:00.471"/>
</kw>
<kw name="Input Text" library="SeleniumLibrary">
<arg>id=password</arg>
<arg>${password}</arg>
<doc>Types the given ``text`` into the text field identified by ``locator``.</doc>
<msg timestamp="20230617 20:46:00.472" level="INFO">Typing text 'fghkl;jfgilhjofp' into text field 'id=password'.</msg>
<status status="PASS" starttime="20230617 20:46:00.471" endtime="20230617 20:46:00.539"/>
</kw>
<kw name="Click Button" library="SeleniumLibrary">
<arg>//*[@class="submit-button btn_action"]</arg>
<doc>Clicks the button identified by ``locator``.</doc>
<msg timestamp="20230617 20:46:00.540" level="INFO">Clicking button '//*[@class="submit-button btn_action"]'.</msg>
<status status="PASS" starttime="20230617 20:46:00.539" endtime="20230617 20:46:00.588"/>
</kw>
<status status="PASS" starttime="20230617 20:46:00.355" endtime="20230617 20:46:00.588"/>
</kw>
<kw name="Page Should Contain" library="SeleniumLibrary">
<arg>Epic sadface: Username and password do not match any user in this service</arg>
<doc>Verifies that current page contains ``text``.</doc>
<msg timestamp="20230617 20:46:00.598" level="INFO">Current page contains text 'Epic sadface: Username and password do not match any user in this service'.</msg>
<status status="PASS" starttime="20230617 20:46:00.588" endtime="20230617 20:46:00.598"/>
</kw>
<kw name="Login" library="3.keyword">
<arg>${valid_username}</arg>
<arg>${valid_password}</arg>
<kw name="Input Text" library="SeleniumLibrary">
<arg>id=user-name</arg>
<arg>${username}</arg>
<doc>Types the given ``text`` into the text field identified by ``locator``.</doc>
<msg timestamp="20230617 20:46:00.599" level="INFO">Typing text 'standard_user' into text field 'id=user-name'.</msg>
<status status="PASS" starttime="20230617 20:46:00.599" endtime="20230617 20:46:00.671"/>
</kw>
<kw name="Input Text" library="SeleniumLibrary">
<arg>id=password</arg>
<arg>${password}</arg>
<doc>Types the given ``text`` into the text field identified by ``locator``.</doc>
<msg timestamp="20230617 20:46:00.672" level="INFO">Typing text 'secret_sauce' into text field 'id=password'.</msg>
<status status="PASS" starttime="20230617 20:46:00.672" endtime="20230617 20:46:00.736"/>
</kw>
<kw name="Click Button" library="SeleniumLibrary">
<arg>//*[@class="submit-button btn_action"]</arg>
<doc>Clicks the button identified by ``locator``.</doc>
<msg timestamp="20230617 20:46:00.737" level="INFO">Clicking button '//*[@class="submit-button btn_action"]'.</msg>
<status status="PASS" starttime="20230617 20:46:00.736" endtime="20230617 20:46:00.798"/>
</kw>
<status status="PASS" starttime="20230617 20:46:00.599" endtime="20230617 20:46:00.799"/>
</kw>
<kw name="Page Should Contain" library="SeleniumLibrary">
<arg>Swag Labs</arg>
<doc>Verifies that current page contains ``text``.</doc>
<msg timestamp="20230617 20:46:00.815" level="INFO">Current page contains text 'Swag Labs'.</msg>
<status status="PASS" starttime="20230617 20:46:00.799" endtime="20230617 20:46:00.815"/>
</kw>
<status status="PASS" starttime="20230617 20:46:00.355" endtime="20230617 20:46:00.816"/>
</kw>
<status status="PASS" starttime="20230617 20:45:58.754" endtime="20230617 20:46:00.816"/>
</test>
<status status="PASS" starttime="20230617 20:45:58.557" endtime="20230617 20:46:00.818"/>
</suite>
<statistics>
<total>
<stat pass="1" fail="0" skip="0">All Tests</stat>
</total>
<tag>
</tag>
<suite>
<stat pass="1" fail="0" skip="0" id="s1" name="4.Test wait">4.Test wait</stat>
</suite>
</statistics>
<errors>
</errors>
</robot>
