<?xml version="1.0" encoding="UTF-8"?>
<robot generator="Robot 6.0.2 (Python 3.11.2 on win32)" generated="20230702 20:07:20.182" rpa="false" schemaversion="3">
<suite id="s1" name="0.Robot api test" source="D:\Example Automate\0.Robot api test">
<suite id="s1-s1" name="DELETE" source="D:\Example Automate\0.Robot api test\DELETE">
<suite id="s1-s1-s1" name="Delete" source="D:\Example Automate\0.Robot api test\DELETE\delete.robot">
<test id="s1-s1-s1-t1" name="Check DELETE method" line="10">
<kw name="Create Session" library="RequestsLibrary">
<arg>api</arg>
<arg>${HOST}</arg>
<arg>headers=${HEADER}</arg>
<doc>Create Session: create a HTTP session to a server</doc>
<msg timestamp="20230702 20:07:20.352" level="INFO">Creating Session using : alias=api, url=http://localhost:3000, headers={'Content-Type': 'application/json'},                     cookies={}, auth=None, timeout=None, proxies=None, verify=False,                     debug=0 </msg>
<status status="PASS" starttime="20230702 20:07:20.351" endtime="20230702 20:07:20.353"/>
</kw>
<kw name="Set Variable" library="BuiltIn">
<var>${id_to_delete}</var>
<arg>64a1696818c458b49d821240</arg>
<doc>Returns the given values which can then be assigned to a variables.</doc>
<msg timestamp="20230702 20:07:20.354" level="INFO">${id_to_delete} = 64a1696818c458b49d821240</msg>
<status status="PASS" starttime="20230702 20:07:20.354" endtime="20230702 20:07:20.354"/>
</kw>
<kw name="DELETE On Session" library="RequestsLibrary">
<var>${response}</var>
<arg>api</arg>
<arg>/products/${id_to_delete}</arg>
<doc>Sends a DELETE request on a previously created HTTP Session.</doc>
<msg timestamp="20230702 20:07:20.415" level="INFO">DELETE Request : url=http://localhost:3000/products/64a1696818c458b49d821240 
 path_url=/products/64a1696818c458b49d821240 
 headers={'User-Agent': 'python-requests/2.31.0', 'Accept-Encoding': 'gzip, deflate', 'Accept': '*/*', 'Connection': 'keep-alive', 'Content-Type': 'application/json', 'Content-Length': '0'} 
 body=None 
 </msg>
<msg timestamp="20230702 20:07:20.415" level="INFO">DELETE Response : url=http://localhost:3000/products/64a1696818c458b49d821240 
 status=200, reason=OK 
 headers={'X-Powered-By': 'Express', 'Content-Type': 'application/json; charset=utf-8', 'Content-Length': '43', 'ETag': 'W/"2b-6Qi8S8h6YPD2q8ZKjBfrTGi/dig"', 'Date': 'Sun, 02 Jul 2023 13:07:20 GMT', 'Connection': 'keep-alive', 'Keep-Alive': 'timeout=5'} 
 body={"message":"Product deleted successfully!"} 
 </msg>
<msg timestamp="20230702 20:07:20.416" level="INFO">${response} = &lt;Response [200]&gt;</msg>
<status status="PASS" starttime="20230702 20:07:20.356" endtime="20230702 20:07:20.416"/>
</kw>
<kw name="Should Be Equal As Strings" library="BuiltIn">
<arg>${response.status_code}</arg>
<arg>200</arg>
<doc>Fails if objects are unequal after converting them to strings.</doc>
<msg timestamp="20230702 20:07:20.418" level="INFO">Argument types are:
&lt;class 'int'&gt;
&lt;class 'str'&gt;</msg>
<status status="PASS" starttime="20230702 20:07:20.418" endtime="20230702 20:07:20.418"/>
</kw>
<status status="PASS" starttime="20230702 20:07:20.350" endtime="20230702 20:07:20.419"/>
</test>
<status status="PASS" starttime="20230702 20:07:20.235" endtime="20230702 20:07:20.422"/>
</suite>
<status status="PASS" starttime="20230702 20:07:20.228" endtime="20230702 20:07:20.425"/>
</suite>
<status status="PASS" starttime="20230702 20:07:20.200" endtime="20230702 20:07:20.427"/>
</suite>
<statistics>
<total>
<stat pass="1" fail="0" skip="0">All Tests</stat>
</total>
<tag>
</tag>
<suite>
<stat pass="1" fail="0" skip="0" id="s1" name="0.Robot api test">0.Robot api test</stat>
<stat pass="1" fail="0" skip="0" id="s1-s1" name="DELETE">0.Robot api test.DELETE</stat>
<stat pass="1" fail="0" skip="0" id="s1-s1-s1" name="Delete">0.Robot api test.DELETE.Delete</stat>
</suite>
</statistics>
<errors>
</errors>
</robot>
