<?xml version="1.0" encoding="UTF-8"?>
<robot generator="Robot 6.0.2 (Python 3.11.2 on win32)" generated="20230620 23:02:18.002" rpa="false" schemaversion="3">
<suite id="s1" name="4.Test wait" source="D:\Example Automate\3.Should Be Equal\4.Test\4.Test wait.robot">
<test id="s1-t1" name="open web portol" line="6">
<kw name="Open admin portal" library="3.keyword">
<kw name="Open Browser" library="SeleniumLibrary">
<arg>browser=gc</arg>
<doc>Opens a new browser instance to the optional ``url``.</doc>
<msg timestamp="20230620 23:02:18.203" level="INFO">Opening browser 'gc' to base url 'None'.</msg>
<status status="PASS" starttime="20230620 23:02:18.203" endtime="20230620 23:02:19.319"/>
</kw>
<kw name="Go To" library="SeleniumLibrary">
<arg>https://www.saucedemo.com/</arg>
<doc>Navigates the current browser window to the provided ``url``.</doc>
<msg timestamp="20230620 23:02:19.319" level="INFO">Opening url 'https://www.saucedemo.com/'</msg>
<status status="PASS" starttime="20230620 23:02:19.319" endtime="20230620 23:02:19.691"/>
</kw>
<status status="PASS" starttime="20230620 23:02:18.203" endtime="20230620 23:02:19.692"/>
</kw>
<kw name="Maximize Browser Window" library="SeleniumLibrary">
<doc>Maximizes current browser window.</doc>
<status status="PASS" starttime="20230620 23:02:19.692" endtime="20230620 23:02:19.815"/>
</kw>
<status status="PASS" starttime="20230620 23:02:18.202" endtime="20230620 23:02:19.815"/>
</test>
<test id="s1-t2" name="test login" line="11">
<kw name="Login" library="3.keyword">
<var>${actual_status}</var>
<arg>${username}</arg>
<arg>${password}</arg>
<kw name="Input Text" library="SeleniumLibrary">
<arg>id=user-name</arg>
<arg>${username}</arg>
<doc>Types the given ``text`` into the text field identified by ``locator``.</doc>
<msg timestamp="20230620 23:02:19.819" level="INFO">Typing text 'standard_user' into text field 'id=user-name'.</msg>
<status status="PASS" starttime="20230620 23:02:19.818" endtime="20230620 23:02:20.003"/>
</kw>
<kw name="Input Password" library="SeleniumLibrary">
<arg>id=password</arg>
<arg>${password}</arg>
<doc>Types the given password into the text field identified by ``locator``.</doc>
<msg timestamp="20230620 23:02:20.004" level="INFO">Typing password into text field 'id=password'.</msg>
<msg timestamp="20230620 23:02:20.035" level="INFO">Temporally setting log level to: NONE</msg>
<msg timestamp="20230620 23:02:20.084" level="INFO">Log level changed from NONE to INFO.</msg>
<status status="PASS" starttime="20230620 23:02:20.004" endtime="20230620 23:02:20.084"/>
</kw>
<kw name="Click Button" library="SeleniumLibrary">
<arg>//*[@id="login-button"]</arg>
<doc>Clicks the button identified by ``locator``.</doc>
<msg timestamp="20230620 23:02:20.084" level="INFO">Clicking button '//*[@id="login-button"]'.</msg>
<status status="PASS" starttime="20230620 23:02:20.084" endtime="20230620 23:02:20.168"/>
</kw>
<kw name="Get Text" library="SeleniumLibrary">
<var>${status}</var>
<arg>xpath=(//*[text()='Swag Labs'])[2]</arg>
<doc>Returns the text value of the element identified by ``locator``.</doc>
<msg timestamp="20230620 23:02:20.209" level="INFO">${status} = Swag Labs</msg>
<status status="PASS" starttime="20230620 23:02:20.168" endtime="20230620 23:02:20.209"/>
</kw>
<msg timestamp="20230620 23:02:20.209" level="INFO">${actual_status} = Swag Labs</msg>
<status status="PASS" starttime="20230620 23:02:19.817" endtime="20230620 23:02:20.209"/>
</kw>
<kw name="Set Variable" library="BuiltIn">
<var>${expec ted_status}</var>
<arg>Swag L</arg>
<doc>Returns the given values which can then be assigned to a variables.</doc>
<msg timestamp="20230620 23:02:20.210" level="INFO">${expec ted_status} = Swag L</msg>
<status status="PASS" starttime="20230620 23:02:20.210" endtime="20230620 23:02:20.210"/>
</kw>
<kw name="Should Be Equal" library="BuiltIn">
<arg>${actual_status}</arg>
<arg>${expec ted_status}</arg>
<doc>Fails if the given objects are unequal.</doc>
<msg timestamp="20230620 23:02:20.211" level="FAIL">Swag Labs != Swag L</msg>
<status status="FAIL" starttime="20230620 23:02:20.211" endtime="20230620 23:02:20.211"/>
</kw>
<status status="FAIL" starttime="20230620 23:02:19.816" endtime="20230620 23:02:20.211">Swag Labs != Swag L</status>
</test>
<status status="FAIL" starttime="20230620 23:02:18.003" endtime="20230620 23:02:20.213"/>
</suite>
<statistics>
<total>
<stat pass="1" fail="1" skip="0">All Tests</stat>
</total>
<tag>
</tag>
<suite>
<stat pass="1" fail="1" skip="0" id="s1" name="4.Test wait">4.Test wait</stat>
</suite>
</statistics>
<errors>
</errors>
</robot>
