<?xml version="1.0" encoding="UTF-8"?>
<robot generator="Robot 6.0.2 (Python 3.11.2 on win32)" generated="20230712 13:40:59.420" rpa="false" schemaversion="3">
<suite id="s1" name="10.Perform All Above In Sequence" source="D:\Example Automate\Example 1\4.Test case\10.Perform All Above In Sequence.robot">
<test id="s1-t1" name="Perform All Above In Sequence" line="6">
<kw name="Openweb" library="Keyword">
<kw name="Open Browser" library="SeleniumLibrary">
<arg>https://www.saucedemo.com/</arg>
<arg>browser=gc</arg>
<doc>Opens a new browser instance to the optional ``url``.</doc>
<msg timestamp="20230712 13:40:59.616" level="INFO">Opening browser 'gc' to base url 'https://www.saucedemo.com/'.</msg>
<status status="PASS" starttime="20230712 13:40:59.615" endtime="20230712 13:41:01.098"/>
</kw>
<status status="PASS" starttime="20230712 13:40:59.615" endtime="20230712 13:41:01.098"/>
</kw>
<kw name="LOGIN" library="Keyword">
<arg>${Username}</arg>
<arg>${Password}</arg>
<kw name="Input Text" library="SeleniumLibrary">
<arg>id=user-name</arg>
<arg>${Username}</arg>
<doc>Types the given ``text`` into the text field identified by ``locator``.</doc>
<msg timestamp="20230712 13:41:01.105" level="INFO">Typing text 'standard_user' into text field 'id=user-name'.</msg>
<status status="PASS" starttime="20230712 13:41:01.102" endtime="20230712 13:41:01.258"/>
</kw>
<kw name="Input Password" library="SeleniumLibrary">
<arg>id=password</arg>
<arg>${Password}</arg>
<doc>Types the given password into the text field identified by ``locator``.</doc>
<msg timestamp="20230712 13:41:01.259" level="INFO">Typing password into text field 'id=password'.</msg>
<msg timestamp="20230712 13:41:01.291" level="INFO">Temporally setting log level to: NONE</msg>
<msg timestamp="20230712 13:41:01.335" level="INFO">Log level changed from NONE to INFO.</msg>
<status status="PASS" starttime="20230712 13:41:01.258" endtime="20230712 13:41:01.335"/>
</kw>
<kw name="Click Element" library="SeleniumLibrary">
<arg>//*[@name="login-button"]</arg>
<doc>Click the element identified by ``locator``.</doc>
<msg timestamp="20230712 13:41:01.336" level="INFO">Clicking element '//*[@name="login-button"]'.</msg>
<status status="PASS" starttime="20230712 13:41:01.336" endtime="20230712 13:41:01.419"/>
</kw>
<status status="PASS" starttime="20230712 13:41:01.100" endtime="20230712 13:41:01.419"/>
</kw>
<kw name="Maximize Browser Window" library="SeleniumLibrary">
<doc>Maximizes current browser window.</doc>
<status status="PASS" starttime="20230712 13:41:01.420" endtime="20230712 13:41:01.551"/>
</kw>
<kw name="LOGOUT" library="Keyword">
<kw name="Click Element" library="SeleniumLibrary">
<arg>//button[text()='Open Menu']</arg>
<doc>Click the element identified by ``locator``.</doc>
<msg timestamp="20230712 13:41:01.553" level="INFO">Clicking element '//button[text()='Open Menu']'.</msg>
<status status="PASS" starttime="20230712 13:41:01.552" endtime="20230712 13:41:01.620"/>
</kw>
<kw name="Wait Until Element Is Visible" library="SeleniumLibrary">
<arg>id=logout_sidebar_link</arg>
<doc>Waits until the element ``locator`` is visible.</doc>
<status status="PASS" starttime="20230712 13:41:01.620" endtime="20230712 13:41:01.888"/>
</kw>
<kw name="Click Element" library="SeleniumLibrary">
<arg>id=logout_sidebar_link</arg>
<doc>Click the element identified by ``locator``.</doc>
<msg timestamp="20230712 13:41:01.888" level="INFO">Clicking element 'id=logout_sidebar_link'.</msg>
<status status="PASS" starttime="20230712 13:41:01.888" endtime="20230712 13:41:01.963"/>
</kw>
<status status="PASS" starttime="20230712 13:41:01.551" endtime="20230712 13:41:01.963"/>
</kw>
<kw name="LOGIN" library="Keyword">
<arg>${UserFaild}</arg>
<arg>${PasswordFaild}</arg>
<kw name="Input Text" library="SeleniumLibrary">
<arg>id=user-name</arg>
<arg>${Username}</arg>
<doc>Types the given ``text`` into the text field identified by ``locator``.</doc>
<msg timestamp="20230712 13:41:01.965" level="INFO">Typing text 'standart' into text field 'id=user-name'.</msg>
<status status="PASS" starttime="20230712 13:41:01.964" endtime="20230712 13:41:02.120"/>
</kw>
<kw name="Input Password" library="SeleniumLibrary">
<arg>id=password</arg>
<arg>${Password}</arg>
<doc>Types the given password into the text field identified by ``locator``.</doc>
<msg timestamp="20230712 13:41:02.120" level="INFO">Typing password into text field 'id=password'.</msg>
<msg timestamp="20230712 13:41:02.159" level="INFO">Temporally setting log level to: NONE</msg>
<msg timestamp="20230712 13:41:02.197" level="INFO">Log level changed from NONE to INFO.</msg>
<status status="PASS" starttime="20230712 13:41:02.120" endtime="20230712 13:41:02.197"/>
</kw>
<kw name="Click Element" library="SeleniumLibrary">
<arg>//*[@name="login-button"]</arg>
<doc>Click the element identified by ``locator``.</doc>
<msg timestamp="20230712 13:41:02.198" level="INFO">Clicking element '//*[@name="login-button"]'.</msg>
<status status="PASS" starttime="20230712 13:41:02.197" endtime="20230712 13:41:02.244"/>
</kw>
<status status="PASS" starttime="20230712 13:41:01.964" endtime="20230712 13:41:02.244"/>
</kw>
<kw name="Page Should Contain" library="SeleniumLibrary">
<arg>Epic sadface: Username and password do not match any user in this service</arg>
<doc>Verifies that current page contains ``text``.</doc>
<msg timestamp="20230712 13:41:02.262" level="INFO">Current page contains text 'Epic sadface: Username and password do not match any user in this service'.</msg>
<status status="PASS" starttime="20230712 13:41:02.245" endtime="20230712 13:41:02.263"/>
</kw>
<kw name="LOGIN" library="Keyword">
<arg>${Username}</arg>
<arg>${Password}</arg>
<kw name="Input Text" library="SeleniumLibrary">
<arg>id=user-name</arg>
<arg>${Username}</arg>
<doc>Types the given ``text`` into the text field identified by ``locator``.</doc>
<msg timestamp="20230712 13:41:02.264" level="INFO">Typing text 'standard_user' into text field 'id=user-name'.</msg>
<status status="PASS" starttime="20230712 13:41:02.263" endtime="20230712 13:41:02.389"/>
</kw>
<kw name="Input Password" library="SeleniumLibrary">
<arg>id=password</arg>
<arg>${Password}</arg>
<doc>Types the given password into the text field identified by ``locator``.</doc>
<msg timestamp="20230712 13:41:02.389" level="INFO">Typing password into text field 'id=password'.</msg>
<msg timestamp="20230712 13:41:02.414" level="INFO">Temporally setting log level to: NONE</msg>
<msg timestamp="20230712 13:41:02.458" level="INFO">Log level changed from NONE to INFO.</msg>
<status status="PASS" starttime="20230712 13:41:02.389" endtime="20230712 13:41:02.458"/>
</kw>
<kw name="Click Element" library="SeleniumLibrary">
<arg>//*[@name="login-button"]</arg>
<doc>Click the element identified by ``locator``.</doc>
<msg timestamp="20230712 13:41:02.459" level="INFO">Clicking element '//*[@name="login-button"]'.</msg>
<status status="PASS" starttime="20230712 13:41:02.458" endtime="20230712 13:41:02.498"/>
</kw>
<status status="PASS" starttime="20230712 13:41:02.263" endtime="20230712 13:41:02.498"/>
</kw>
<kw name="Sleep" library="BuiltIn">
<arg>2s</arg>
<doc>Pauses the test executed for the given time.</doc>
<msg timestamp="20230712 13:41:04.499" level="INFO">Slept 2 seconds</msg>
<status status="PASS" starttime="20230712 13:41:02.498" endtime="20230712 13:41:04.499"/>
</kw>
<kw name="Go To" library="SeleniumLibrary">
<arg>https://www.saucedemo.com/inventory.html</arg>
<doc>Navigates the current browser window to the provided ``url``.</doc>
<msg timestamp="20230712 13:41:04.500" level="INFO">Opening url 'https://www.saucedemo.com/inventory.html'</msg>
<status status="PASS" starttime="20230712 13:41:04.499" endtime="20230712 13:41:04.619"/>
</kw>
<kw name="Select From List By Label" library="SeleniumLibrary">
<arg>${TC03}[clicl dropdow]</arg>
<arg>Price (low to high)</arg>
<doc>Selects options from selection list ``locator`` by ``labels``.</doc>
<msg timestamp="20230712 13:41:04.620" level="INFO">Selecting options from selection list 'xpath=//*[@class="product_sort_container"]' by label Price (low to high).</msg>
<status status="PASS" starttime="20230712 13:41:04.619" endtime="20230712 13:41:04.715"/>
</kw>
<kw name="Sleep" library="BuiltIn">
<arg>5s</arg>
<doc>Pauses the test executed for the given time.</doc>
<msg timestamp="20230712 13:41:09.716" level="INFO">Slept 5 seconds</msg>
<status status="PASS" starttime="20230712 13:41:04.715" endtime="20230712 13:41:09.716"/>
</kw>
<kw name="Click Element" library="SeleniumLibrary">
<arg>${TC04}[Produck02]</arg>
<doc>Click the element identified by ``locator``.</doc>
<msg timestamp="20230712 13:41:09.718" level="INFO">Clicking element 'xpath=//*[text()='Sauce Labs Bike Light']'.</msg>
<status status="PASS" starttime="20230712 13:41:09.717" endtime="20230712 13:41:09.786"/>
</kw>
<kw name="Page Should Contain" library="SeleniumLibrary">
<arg>${PRODUCT_NAME}</arg>
<doc>Verifies that current page contains ``text``.</doc>
<msg timestamp="20230712 13:41:09.804" level="INFO">Current page contains text 'Sauce Labs Bike Light'.</msg>
<status status="PASS" starttime="20230712 13:41:09.787" endtime="20230712 13:41:09.804"/>
</kw>
<kw name="Page Should Contain" library="SeleniumLibrary">
<arg>${PRODUCT_DESC}</arg>
<doc>Verifies that current page contains ``text``.</doc>
<msg timestamp="20230712 13:41:09.826" level="INFO">Current page contains text 'A red light isn't the desired state in testing but it sure helps when riding your bike at night. Water-resistant with 3 lighting modes, 1 AAA battery included.'.</msg>
<status status="PASS" starttime="20230712 13:41:09.805" endtime="20230712 13:41:09.826"/>
</kw>
<kw name="Element Should Be Visible" library="SeleniumLibrary">
<arg>//*[@class="inventory_details_img_container"]</arg>
<doc>Verifies that the element identified by ``locator`` is visible.</doc>
<msg timestamp="20230712 13:41:09.864" level="INFO">Element '//*[@class="inventory_details_img_container"]' is displayed.</msg>
<status status="PASS" starttime="20230712 13:41:09.826" endtime="20230712 13:41:09.864"/>
</kw>
<kw name="Click Element" library="SeleniumLibrary">
<arg>${TC05}[shopping cart link]</arg>
<doc>Click the element identified by ``locator``.</doc>
<msg timestamp="20230712 13:41:09.866" level="INFO">Clicking element 'xpath=//*[@class="shopping_cart_link"]'.</msg>
<status status="PASS" starttime="20230712 13:41:09.865" endtime="20230712 13:41:09.950"/>
</kw>
<kw name="Element Should Not Be Visible" library="SeleniumLibrary">
<arg>//*[@class="cart_item"]</arg>
<doc>Verifies that the element identified by ``locator`` is NOT visible.</doc>
<msg timestamp="20230712 13:41:09.964" level="INFO">Element '//*[@class="cart_item"]' did not exist.</msg>
<status status="PASS" starttime="20230712 13:41:09.951" endtime="20230712 13:41:09.964"/>
</kw>
<kw name="Click Element" library="SeleniumLibrary">
<arg>${TC07}[Click checkout]</arg>
<doc>Click the element identified by ``locator``.</doc>
<msg timestamp="20230712 13:41:09.965" level="INFO">Clicking element 'xpath=//button[text()='Checkout']'.</msg>
<status status="PASS" starttime="20230712 13:41:09.965" endtime="20230712 13:41:10.034"/>
</kw>
<kw name="Input Text" library="SeleniumLibrary">
<arg>id=first-name</arg>
<arg>${FIRSTNAME}</arg>
<doc>Types the given ``text`` into the text field identified by ``locator``.</doc>
<msg timestamp="20230712 13:41:10.037" level="INFO">Typing text 'Test' into text field 'id=first-name'.</msg>
<status status="PASS" starttime="20230712 13:41:10.035" endtime="20230712 13:41:10.174"/>
</kw>
<kw name="Input Text" library="SeleniumLibrary">
<arg>id=last-name</arg>
<arg>${LASTNAME}</arg>
<doc>Types the given ``text`` into the text field identified by ``locator``.</doc>
<msg timestamp="20230712 13:41:10.176" level="INFO">Typing text 'User' into text field 'id=last-name'.</msg>
<status status="PASS" starttime="20230712 13:41:10.176" endtime="20230712 13:41:10.348"/>
</kw>
<kw name="Input Text" library="SeleniumLibrary">
<arg>id=postal-code</arg>
<arg>${POSTALCODE}</arg>
<doc>Types the given ``text`` into the text field identified by ``locator``.</doc>
<msg timestamp="20230712 13:41:10.350" level="INFO">Typing text '12345' into text field 'id=postal-code'.</msg>
<status status="PASS" starttime="20230712 13:41:10.349" endtime="20230712 13:41:10.497"/>
</kw>
<kw name="Scroll Element Into View" library="SeleniumLibrary">
<arg>id=continue</arg>
<doc>Scrolls the element identified by ``locator`` into view.</doc>
<status status="PASS" starttime="20230712 13:41:10.498" endtime="20230712 13:41:10.800"/>
</kw>
<kw name="Click Element" library="SeleniumLibrary">
<arg>id=continue</arg>
<doc>Click the element identified by ``locator``.</doc>
<msg timestamp="20230712 13:41:10.801" level="INFO">Clicking element 'id=continue'.</msg>
<status status="PASS" starttime="20230712 13:41:10.800" endtime="20230712 13:41:10.874"/>
</kw>
<kw name="Scroll Element Into View" library="SeleniumLibrary">
<arg>id=finish</arg>
<doc>Scrolls the element identified by ``locator`` into view.</doc>
<status status="PASS" starttime="20230712 13:41:10.874" endtime="20230712 13:41:11.163"/>
</kw>
<kw name="Click Element" library="SeleniumLibrary">
<arg>id=finish</arg>
<doc>Click the element identified by ``locator``.</doc>
<msg timestamp="20230712 13:41:11.165" level="INFO">Clicking element 'id=finish'.</msg>
<status status="PASS" starttime="20230712 13:41:11.164" endtime="20230712 13:41:11.229"/>
</kw>
<kw name="Wait Until Page Contains" library="SeleniumLibrary">
<arg>Your order has been dispatched, and will arrive just as fast as the pony can get there!</arg>
<doc>Waits until ``text`` appears on the current page.</doc>
<status status="PASS" starttime="20230712 13:41:11.230" endtime="20230712 13:41:11.247"/>
</kw>
<kw name="Scroll Element Into View" library="SeleniumLibrary">
<arg>//button[text()='Open Menu']</arg>
<doc>Scrolls the element identified by ``locator`` into view.</doc>
<status status="PASS" starttime="20230712 13:41:11.248" endtime="20230712 13:41:11.554"/>
</kw>
<kw name="Click Element" library="SeleniumLibrary">
<arg>//button[text()='Open Menu']</arg>
<doc>Click the element identified by ``locator``.</doc>
<msg timestamp="20230712 13:41:11.556" level="INFO">Clicking element '//button[text()='Open Menu']'.</msg>
<status status="PASS" starttime="20230712 13:41:11.555" endtime="20230712 13:41:11.625"/>
</kw>
<kw name="Sleep" library="BuiltIn">
<arg>2s</arg>
<doc>Pauses the test executed for the given time.</doc>
<msg timestamp="20230712 13:41:13.627" level="INFO">Slept 2 seconds</msg>
<status status="PASS" starttime="20230712 13:41:11.626" endtime="20230712 13:41:13.627"/>
</kw>
<kw name="Click Element" library="SeleniumLibrary">
<arg>//a[text()='All Items']</arg>
<doc>Click the element identified by ``locator``.</doc>
<msg timestamp="20230712 13:41:13.628" level="INFO">Clicking element '//a[text()='All Items']'.</msg>
<status status="PASS" starttime="20230712 13:41:13.628" endtime="20230712 13:41:13.698"/>
</kw>
<kw name="Click Element" library="SeleniumLibrary">
<arg>${TC05}[shopping cart link]</arg>
<doc>Click the element identified by ``locator``.</doc>
<msg timestamp="20230712 13:41:13.700" level="INFO">Clicking element 'xpath=//*[@class="shopping_cart_link"]'.</msg>
<status status="PASS" starttime="20230712 13:41:13.698" endtime="20230712 13:41:13.790"/>
</kw>
<kw name="Click Element" library="SeleniumLibrary">
<arg>${TC07}[Click checkout]</arg>
<doc>Click the element identified by ``locator``.</doc>
<msg timestamp="20230712 13:41:13.791" level="INFO">Clicking element 'xpath=//button[text()='Checkout']'.</msg>
<status status="PASS" starttime="20230712 13:41:13.790" endtime="20230712 13:41:13.872"/>
</kw>
<kw name="Input Text" library="SeleniumLibrary">
<arg>id=first-name</arg>
<arg>${FIRSTNAME}</arg>
<doc>Types the given ``text`` into the text field identified by ``locator``.</doc>
<msg timestamp="20230712 13:41:13.874" level="INFO">Typing text 'Test' into text field 'id=first-name'.</msg>
<status status="PASS" starttime="20230712 13:41:13.872" endtime="20230712 13:41:14.023"/>
</kw>
<kw name="Input Text" library="SeleniumLibrary">
<arg>id=last-name</arg>
<arg>${LASTNAME}</arg>
<doc>Types the given ``text`` into the text field identified by ``locator``.</doc>
<msg timestamp="20230712 13:41:14.025" level="INFO">Typing text 'User' into text field 'id=last-name'.</msg>
<status status="PASS" starttime="20230712 13:41:14.024" endtime="20230712 13:41:14.182"/>
</kw>
<kw name="Input Text" library="SeleniumLibrary">
<arg>id=postal-code</arg>
<arg>${POSTALCODE}</arg>
<doc>Types the given ``text`` into the text field identified by ``locator``.</doc>
<msg timestamp="20230712 13:41:14.184" level="INFO">Typing text '12345' into text field 'id=postal-code'.</msg>
<status status="PASS" starttime="20230712 13:41:14.183" endtime="20230712 13:41:14.322"/>
</kw>
<kw name="Scroll Element Into View" library="SeleniumLibrary">
<arg>id=continue</arg>
<doc>Scrolls the element identified by ``locator`` into view.</doc>
<status status="PASS" starttime="20230712 13:41:14.323" endtime="20230712 13:41:14.618"/>
</kw>
<kw name="Click Element" library="SeleniumLibrary">
<arg>id=continue</arg>
<doc>Click the element identified by ``locator``.</doc>
<msg timestamp="20230712 13:41:14.620" level="INFO">Clicking element 'id=continue'.</msg>
<status status="PASS" starttime="20230712 13:41:14.619" endtime="20230712 13:41:14.699"/>
</kw>
<kw name="Scroll Element Into View" library="SeleniumLibrary">
<arg>id=finish</arg>
<doc>Scrolls the element identified by ``locator`` into view.</doc>
<status status="PASS" starttime="20230712 13:41:14.700" endtime="20230712 13:41:14.994"/>
</kw>
<kw name="Click Element" library="SeleniumLibrary">
<arg>id=finish</arg>
<doc>Click the element identified by ``locator``.</doc>
<msg timestamp="20230712 13:41:14.995" level="INFO">Clicking element 'id=finish'.</msg>
<status status="PASS" starttime="20230712 13:41:14.994" endtime="20230712 13:41:15.061"/>
</kw>
<kw name="Run Keyword And Warn On Failure" library="BuiltIn">
<arg>Wait Until Page Contains</arg>
<arg>Your cart is empty!</arg>
<doc>Runs the specified keyword logs a warning if the keyword fails.</doc>
<kw name="Wait Until Page Contains" library="SeleniumLibrary">
<arg>Your cart is empty!</arg>
<doc>Waits until ``text`` appears on the current page.</doc>
<msg timestamp="20230712 13:41:20.363" level="INFO" html="true">&lt;/td&gt;&lt;/tr&gt;&lt;tr&gt;&lt;td colspan="3"&gt;&lt;a href="selenium-screenshot-9.png"&gt;&lt;img src="selenium-screenshot-9.png" width="800px"&gt;&lt;/a&gt;</msg>
<msg timestamp="20230712 13:41:20.363" level="FAIL">Text 'Your cart is empty!' did not appear in 5 seconds.</msg>
<status status="FAIL" starttime="20230712 13:41:15.062" endtime="20230712 13:41:20.365"/>
</kw>
<msg timestamp="20230712 13:41:20.366" level="WARN">Executing keyword 'Wait Until Page Contains' failed:
Text 'Your cart is empty!' did not appear in 5 seconds.</msg>
<status status="PASS" starttime="20230712 13:41:15.062" endtime="20230712 13:41:20.367"/>
</kw>
<kw name="LOGOUT" library="Keyword">
<kw name="Click Element" library="SeleniumLibrary">
<arg>//button[text()='Open Menu']</arg>
<doc>Click the element identified by ``locator``.</doc>
<msg timestamp="20230712 13:41:20.370" level="INFO">Clicking element '//button[text()='Open Menu']'.</msg>
<status status="PASS" starttime="20230712 13:41:20.369" endtime="20230712 13:41:20.435"/>
</kw>
<kw name="Wait Until Element Is Visible" library="SeleniumLibrary">
<arg>id=logout_sidebar_link</arg>
<doc>Waits until the element ``locator`` is visible.</doc>
<status status="PASS" starttime="20230712 13:41:20.435" endtime="20230712 13:41:20.703"/>
</kw>
<kw name="Click Element" library="SeleniumLibrary">
<arg>id=logout_sidebar_link</arg>
<doc>Click the element identified by ``locator``.</doc>
<msg timestamp="20230712 13:41:20.704" level="INFO">Clicking element 'id=logout_sidebar_link'.</msg>
<status status="PASS" starttime="20230712 13:41:20.704" endtime="20230712 13:41:20.772"/>
</kw>
<status status="PASS" starttime="20230712 13:41:20.367" endtime="20230712 13:41:20.772"/>
</kw>
<kw name="Wait Until Page Contains" library="SeleniumLibrary">
<arg>Accepted usernames are</arg>
<doc>Waits until ``text`` appears on the current page.</doc>
<status status="PASS" starttime="20230712 13:41:20.774" endtime="20230712 13:41:20.790"/>
</kw>
<kw name="Close Browser" library="SeleniumLibrary" type="TEARDOWN">
<doc>Closes the current browser.</doc>
<status status="PASS" starttime="20230712 13:41:20.791" endtime="20230712 13:41:23.083"/>
</kw>
<status status="PASS" starttime="20230712 13:40:59.614" endtime="20230712 13:41:23.085"/>
</test>
<status status="PASS" starttime="20230712 13:40:59.422" endtime="20230712 13:41:23.088"/>
</suite>
<statistics>
<total>
<stat pass="1" fail="0" skip="0">All Tests</stat>
</total>
<tag>
</tag>
<suite>
<stat pass="1" fail="0" skip="0" id="s1" name="10.Perform All Above In Sequence">10.Perform All Above In Sequence</stat>
</suite>
</statistics>
<errors>
<msg timestamp="20230712 13:41:20.366" level="WARN">Executing keyword 'Wait Until Page Contains' failed:
Text 'Your cart is empty!' did not appear in 5 seconds.</msg>
</errors>
</robot>
