<?xml version="1.0" encoding="UTF-8"?>
<robot generator="Robot 6.0.2 (Python 3.11.2 on win32)" generated="20230712 13:26:19.847" rpa="false" schemaversion="3">
<suite id="s1" name="Example 1" source="D:\Example Automate\Example 1">
<suite id="s1-s1" name="4.Test case" source="D:\Example Automate\Example 1\4.Test case">
<suite id="s1-s1-s1" name="8.Checkout with Empty Cart" source="D:\Example Automate\Example 1\4.Test case\8.Checkout with Empty Cart.robot">
<test id="s1-s1-s1-t1" name="TC001 LOGIN" line="6">
<kw name="Openweb" library="Keyword">
<kw name="Open Browser" library="SeleniumLibrary">
<arg>https://www.saucedemo.com/</arg>
<arg>browser=gc</arg>
<doc>Opens a new browser instance to the optional ``url``.</doc>
<msg timestamp="20230712 13:26:20.141" level="INFO">Opening browser 'gc' to base url 'https://www.saucedemo.com/'.</msg>
<status status="PASS" starttime="20230712 13:26:20.140" endtime="20230712 13:26:22.249"/>
</kw>
<status status="PASS" starttime="20230712 13:26:20.139" endtime="20230712 13:26:22.249"/>
</kw>
<kw name="LOGIN" library="Keyword">
<arg>${Username}</arg>
<arg>${Password}</arg>
<kw name="Input Text" library="SeleniumLibrary">
<arg>id=user-name</arg>
<arg>${Username}</arg>
<doc>Types the given ``text`` into the text field identified by ``locator``.</doc>
<msg timestamp="20230712 13:26:22.251" level="INFO">Typing text 'standard_user' into text field 'id=user-name'.</msg>
<status status="PASS" starttime="20230712 13:26:22.251" endtime="20230712 13:26:22.381"/>
</kw>
<kw name="Input Password" library="SeleniumLibrary">
<arg>id=password</arg>
<arg>${Password}</arg>
<doc>Types the given password into the text field identified by ``locator``.</doc>
<msg timestamp="20230712 13:26:22.382" level="INFO">Typing password into text field 'id=password'.</msg>
<msg timestamp="20230712 13:26:22.412" level="INFO">Temporally setting log level to: NONE</msg>
<msg timestamp="20230712 13:26:22.467" level="INFO">Log level changed from NONE to INFO.</msg>
<status status="PASS" starttime="20230712 13:26:22.381" endtime="20230712 13:26:22.468"/>
</kw>
<kw name="Click Element" library="SeleniumLibrary">
<arg>//*[@name="login-button"]</arg>
<doc>Click the element identified by ``locator``.</doc>
<msg timestamp="20230712 13:26:22.469" level="INFO">Clicking element '//*[@name="login-button"]'.</msg>
<status status="PASS" starttime="20230712 13:26:22.468" endtime="20230712 13:26:22.571"/>
</kw>
<status status="PASS" starttime="20230712 13:26:22.250" endtime="20230712 13:26:22.571"/>
</kw>
<kw name="Maximize Browser Window" library="SeleniumLibrary">
<doc>Maximizes current browser window.</doc>
<status status="PASS" starttime="20230712 13:26:22.572" endtime="20230712 13:26:22.685"/>
</kw>
<kw name="Click Element" library="SeleniumLibrary">
<arg>${TC05}[shopping cart link]</arg>
<doc>Click the element identified by ``locator``.</doc>
<msg timestamp="20230712 13:26:22.687" level="INFO">Clicking element 'xpath=//*[@class="shopping_cart_link"]'.</msg>
<status status="PASS" starttime="20230712 13:26:22.686" endtime="20230712 13:26:22.763"/>
</kw>
<kw name="Click Element" library="SeleniumLibrary">
<arg>${TC07}[Click checkout]</arg>
<doc>Click the element identified by ``locator``.</doc>
<msg timestamp="20230712 13:26:22.764" level="INFO">Clicking element 'xpath=//button[text()='Checkout']'.</msg>
<status status="PASS" starttime="20230712 13:26:22.763" endtime="20230712 13:26:22.818"/>
</kw>
<kw name="Input Text" library="SeleniumLibrary">
<arg>id=first-name</arg>
<arg>${FIRSTNAME}</arg>
<doc>Types the given ``text`` into the text field identified by ``locator``.</doc>
<msg timestamp="20230712 13:26:22.818" level="INFO">Typing text 'Test' into text field 'id=first-name'.</msg>
<status status="PASS" starttime="20230712 13:26:22.818" endtime="20230712 13:26:22.942"/>
</kw>
<kw name="Input Text" library="SeleniumLibrary">
<arg>id=last-name</arg>
<arg>${LASTNAME}</arg>
<doc>Types the given ``text`` into the text field identified by ``locator``.</doc>
<msg timestamp="20230712 13:26:22.944" level="INFO">Typing text 'User' into text field 'id=last-name'.</msg>
<status status="PASS" starttime="20230712 13:26:22.943" endtime="20230712 13:26:23.030"/>
</kw>
<kw name="Input Text" library="SeleniumLibrary">
<arg>id=postal-code</arg>
<arg>${POSTALCODE}</arg>
<doc>Types the given ``text`` into the text field identified by ``locator``.</doc>
<msg timestamp="20230712 13:26:23.032" level="INFO">Typing text '12345' into text field 'id=postal-code'.</msg>
<status status="PASS" starttime="20230712 13:26:23.031" endtime="20230712 13:26:23.115"/>
</kw>
<kw name="Scroll Element Into View" library="SeleniumLibrary">
<arg>id=continue</arg>
<doc>Scrolls the element identified by ``locator`` into view.</doc>
<status status="PASS" starttime="20230712 13:26:23.116" endtime="20230712 13:26:23.402"/>
</kw>
<kw name="Click Element" library="SeleniumLibrary">
<arg>id=continue</arg>
<doc>Click the element identified by ``locator``.</doc>
<msg timestamp="20230712 13:26:23.404" level="INFO">Clicking element 'id=continue'.</msg>
<status status="PASS" starttime="20230712 13:26:23.403" endtime="20230712 13:26:23.463"/>
</kw>
<kw name="Scroll Element Into View" library="SeleniumLibrary">
<arg>id=finish</arg>
<doc>Scrolls the element identified by ``locator`` into view.</doc>
<status status="PASS" starttime="20230712 13:26:23.465" endtime="20230712 13:26:23.750"/>
</kw>
<kw name="Click Element" library="SeleniumLibrary">
<arg>id=finish</arg>
<doc>Click the element identified by ``locator``.</doc>
<msg timestamp="20230712 13:26:23.752" level="INFO">Clicking element 'id=finish'.</msg>
<status status="PASS" starttime="20230712 13:26:23.750" endtime="20230712 13:26:23.797"/>
</kw>
<kw name="Wait Until Page Contains" library="SeleniumLibrary">
<arg>Your cart is empty!</arg>
<doc>Waits until ``text`` appears on the current page.</doc>
<msg timestamp="20230712 13:26:29.027" level="INFO" html="true">&lt;/td&gt;&lt;/tr&gt;&lt;tr&gt;&lt;td colspan="3"&gt;&lt;a href="selenium-screenshot-1.png"&gt;&lt;img src="selenium-screenshot-1.png" width="800px"&gt;&lt;/a&gt;</msg>
<msg timestamp="20230712 13:26:29.027" level="FAIL">Text 'Your cart is empty!' did not appear in 5 seconds.</msg>
<status status="FAIL" starttime="20230712 13:26:23.797" endtime="20230712 13:26:29.045"/>
</kw>
<status status="FAIL" starttime="20230712 13:26:20.138" endtime="20230712 13:26:29.047">Text 'Your cart is empty!' did not appear in 5 seconds.</status>
</test>
<status status="FAIL" starttime="20230712 13:26:19.902" endtime="20230712 13:26:29.051"/>
</suite>
<status status="FAIL" starttime="20230712 13:26:19.897" endtime="20230712 13:26:29.057"/>
</suite>
<status status="FAIL" starttime="20230712 13:26:19.865" endtime="20230712 13:26:29.061"/>
</suite>
<statistics>
<total>
<stat pass="0" fail="1" skip="0">All Tests</stat>
</total>
<tag>
</tag>
<suite>
<stat pass="0" fail="1" skip="0" id="s1" name="Example 1">Example 1</stat>
<stat pass="0" fail="1" skip="0" id="s1-s1" name="4.Test case">Example 1.4.Test case</stat>
<stat pass="0" fail="1" skip="0" id="s1-s1-s1" name="8.Checkout with Empty Cart">Example 1.4.Test case.8.Checkout with Empty Cart</stat>
</suite>
</statistics>
<errors>
</errors>
</robot>
